In file included from [01m[K/opt/ros/noetic/include/ros/ros.h:40[m[K,
                 from [01m[K/home/harshit/task_c_1/src/course3/smb_highlevel_controller/include/smb_highlevel_controller/smbHighlevelController.hpp:8[m[K,
                 from [01m[K/home/harshit/task_c_1/src/course3/smb_highlevel_controller/src/smbHighlevelController.cpp:6[m[K:
[01m[K/home/harshit/task_c_1/src/course3/smb_highlevel_controller/src/smbHighlevelController.cpp:[m[K In member function ‘[01m[Kvoid smb_highlevel_controller::smbHighlevelController::LaserCallback(const LaserScan&)[m[K’:
[01m[K/home/harshit/task_c_1/src/course3/smb_highlevel_controller/src/smbHighlevelController.cpp:121:34:[m[K [01;31m[Kerror: [m[K‘[01m[Kdiff[m[K’ was not declared in this scope
  121 |                     "[" << p_ang*[01;31m[Kdiff[m[K << "]");
      |                                  [01;31m[K^~~~[m[K
[01m[K/opt/ros/noetic/include/ros/console.h:361:64:[m[K [01;36m[Knote: [m[Kin definition of macro ‘[01m[KROSCONSOLE_PRINT_STREAM_AT_LOCATION_WITH_FILTER[m[K’
  361 |     __rosconsole_print_stream_at_location_with_filter__ss__ << [01;36m[Kargs[m[K; \
      |                                                                [01;36m[K^~~~[m[K
[01m[K/opt/ros/noetic/include/ros/console.h:409:7:[m[K [01;36m[Knote: [m[Kin expansion of macro ‘[01m[KROSCONSOLE_PRINT_STREAM_AT_LOCATION[m[K’
  409 |       [01;36m[KROSCONSOLE_PRINT_STREAM_AT_LOCATION[m[K(args); \
      |       [01;36m[K^~~~~~~~~~~~~~~~~~~~~~~~~~~~~~~~~~~[m[K
[01m[K/opt/ros/noetic/include/ros/console.h:582:43:[m[K [01;36m[Knote: [m[Kin expansion of macro ‘[01m[KROS_LOG_STREAM_COND[m[K’
  582 | #define ROS_LOG_STREAM(level, name, args) [01;36m[KROS_LOG_STREAM_COND[m[K(true, level, name, args)
      |                                           [01;36m[K^~~~~~~~~~~~~~~~~~~[m[K
[01m[K/opt/ros/noetic/include/rosconsole/macros_generated.h:111:31:[m[K [01;36m[Knote: [m[Kin expansion of macro ‘[01m[KROS_LOG_STREAM[m[K’
  111 | #define ROS_INFO_STREAM(args) [01;36m[KROS_LOG_STREAM[m[K(::ros::console::levels::Info, ROSCONSOLE_DEFAULT_NAME, args)
      |                               [01;36m[K^~~~~~~~~~~~~~[m[K
[01m[K/home/harshit/task_c_1/src/course3/smb_highlevel_controller/src/smbHighlevelController.cpp:120:5:[m[K [01;36m[Knote: [m[Kin expansion of macro ‘[01m[KROS_INFO_STREAM[m[K’
  120 |     [01;36m[KROS_INFO_STREAM[m[K("angular velocity of smb is" <<
      |     [01;36m[K^~~~~~~~~~~~~~~[m[K
make[2]: *** [CMakeFiles/smb_highlevel_controller.dir/build.make:90: CMakeFiles/smb_highlevel_controller.dir/src/smbHighlevelController.cpp.o] Error 1
make[1]: *** [CMakeFiles/Makefile2:163: CMakeFiles/smb_highlevel_controller.dir/all] Error 2
make: *** [Makefile:146: all] Error 2
